# JRE version: OpenJDK Runtime Environment (8.0_152-b01) (build 1.8.0_152-release-1343-b01)
# Java VM: OpenJDK 64-Bit Server VM (25.152-b01 mixed mode windows-amd64 compressed oops)
Heap:
 PSYoungGen      total 222208K, used 78954K [0x000000076ab00000, 0x000000077cc80000, 0x00000007c0000000)
  eden space 202752K, 32% used [0x000000076ab00000,0x000000076eb62280,0x0000000777100000)
  from space 19456K, 66% used [0x0000000777100000,0x0000000777db8938,0x0000000778400000)
  to   space 19968K, 0% used [0x000000077b900000,0x000000077b900000,0x000000077cc80000)
 ParOldGen       total 109056K, used 53874K [0x00000006c0000000, 0x00000006c6a80000, 0x000000076ab00000)
  object space 109056K, 49% used [0x00000006c0000000,0x00000006c349c840,0x00000006c6a80000)
 Metaspace       used 63896K, capacity 65806K, committed 65944K, reserved 1105920K
  class space    used 8538K, capacity 9006K, committed 9128K, reserved 1048576K
GC Heap History (10 events):
Event: 130.757 GC heap before
{Heap before GC invocations=16 (full 2):
 PSYoungGen      total 131584K, used 101130K [0x000000076ab00000, 0x0000000775f00000, 0x00000007c0000000)
  eden space 118272K, 76% used [0x000000076ab00000,0x00000007703d1150,0x0000000771e80000)
  from space 13312K, 76% used [0x0000000771e80000,0x00000007728717f0,0x0000000772b80000)
  to   space 13824K, 0% used [0x0000000775180000,0x0000000775180000,0x0000000775f00000)
 ParOldGen       total 76288K, used 23412K [0x00000006c0000000, 0x00000006c4a80000, 0x000000076ab00000)
  object space 76288K, 30% used [0x00000006c0000000,0x00000006c16dd080,0x00000006c4a80000)
 Metaspace       used 57619K, capacity 59080K, committed 59160K, reserved 1099776K
  class space    used 7782K, capacity 8186K, committed 8232K, reserved 1048576K
Event: 130.908 GC heap after
Heap after GC invocations=16 (full 2):
 PSYoungGen      total 169984K, used 10606K [0x000000076ab00000, 0x0000000776300000, 0x00000007c0000000)
  eden space 156160K, 0% used [0x000000076ab00000,0x000000076ab00000,0x0000000774380000)
  from space 13824K, 76% used [0x0000000775180000,0x0000000775bdba30,0x0000000775f00000)
  to   space 14336K, 0% used [0x0000000774380000,0x0000000774380000,0x0000000775180000)
 ParOldGen       total 76288K, used 28876K [0x00000006c0000000, 0x00000006c4a80000, 0x000000076ab00000)
  object space 76288K, 37% used [0x00000006c0000000,0x00000006c1c33200,0x00000006c4a80000)
 Metaspace       used 57619K, capacity 59080K, committed 59160K, reserved 1099776K
  class space    used 7782K, capacity 8186K, committed 8232K, reserved 1048576K
}
Event: 130.908 GC heap before
{Heap before GC invocations=17 (full 3):
 PSYoungGen      total 169984K, used 10606K [0x000000076ab00000, 0x0000000776300000, 0x00000007c0000000)
  eden space 156160K, 0% used [0x000000076ab00000,0x000000076ab00000,0x0000000774380000)
  from space 13824K, 76% used [0x0000000775180000,0x0000000775bdba30,0x0000000775f00000)
  to   space 14336K, 0% used [0x0000000774380000,0x0000000774380000,0x0000000775180000)
 ParOldGen       total 76288K, used 28876K [0x00000006c0000000, 0x00000006c4a80000, 0x000000076ab00000)
  object space 76288K, 37% used [0x00000006c0000000,0x00000006c1c33200,0x00000006c4a80000)
 Metaspace       used 57619K, capacity 59080K, committed 59160K, reserved 1099776K
  class space    used 7782K, capacity 8186K, committed 8232K, reserved 1048576K
Event: 132.398 GC heap after
Heap after GC invocations=17 (full 3):
 PSYoungGen      total 169984K, used 0K [0x000000076ab00000, 0x0000000776300000, 0x00000007c0000000)
  eden space 156160K, 0% used [0x000000076ab00000,0x000000076ab00000,0x0000000774380000)
  from space 13824K, 0% used [0x0000000775180000,0x0000000775180000,0x0000000775f00000)
  to   space 14336K, 0% used [0x0000000774380000,0x0000000774380000,0x0000000775180000)
 ParOldGen       total 109056K, used 34630K [0x00000006c0000000, 0x00000006c6a80000, 0x000000076ab00000)
  object space 109056K, 31% used [0x00000006c0000000,0x00000006c21d19e8,0x00000006c6a80000)
 Metaspace       used 57619K, capacity 59080K, committed 59160K, reserved 1099776K
  class space    used 7782K, capacity 8186K, committed 8232K, reserved 1048576K
}
Event: 141.279 GC heap before
{Heap before GC invocations=18 (full 3):
 PSYoungGen      total 169984K, used 156160K [0x000000076ab00000, 0x0000000776300000, 0x00000007c0000000)
  eden space 156160K, 100% used [0x000000076ab00000,0x0000000774380000,0x0000000774380000)
  from space 13824K, 0% used [0x0000000775180000,0x0000000775180000,0x0000000775f00000)
  to   space 14336K, 0% used [0x0000000774380000,0x0000000774380000,0x0000000775180000)
 ParOldGen       total 109056K, used 34630K [0x00000006c0000000, 0x00000006c6a80000, 0x000000076ab00000)
  object space 109056K, 31% used [0x00000006c0000000,0x00000006c21d19e8,0x00000006c6a80000)
 Metaspace       used 60966K, capacity 62816K, committed 63000K, reserved 1103872K
  class space    used 8191K, capacity 8667K, committed 8744K, reserved 1048576K
Event: 141.360 GC heap after
Heap after GC invocations=18 (full 3):
 PSYoungGen      total 170496K, used 14336K [0x000000076ab00000, 0x0000000779480000, 0x00000007c0000000)
  eden space 156160K, 0% used [0x000000076ab00000,0x000000076ab00000,0x0000000774380000)
  from space 14336K, 100% used [0x0000000774380000,0x0000000775180000,0x0000000775180000)
  to   space 16896K, 0% used [0x0000000778400000,0x0000000778400000,0x0000000779480000)
 ParOldGen       total 109056K, used 36534K [0x00000006c0000000, 0x00000006c6a80000, 0x000000076ab00000)
  object space 109056K, 33% used [0x00000006c0000000,0x00000006c23ad870,0x00000006c6a80000)
 Metaspace       used 60966K, capacity 62816K, committed 63000K, reserved 1103872K
  class space    used 8191K, capacity 8667K, committed 8744K, reserved 1048576K
}
Event: 147.854 GC heap before
{Heap before GC invocations=19 (full 3):
 PSYoungGen      total 170496K, used 170496K [0x000000076ab00000, 0x0000000779480000, 0x00000007c0000000)
  eden space 156160K, 100% used [0x000000076ab00000,0x0000000774380000,0x0000000774380000)
  from space 14336K, 100% used [0x0000000774380000,0x0000000775180000,0x0000000775180000)
  to   space 16896K, 0% used [0x0000000778400000,0x0000000778400000,0x0000000779480000)
 ParOldGen       total 109056K, used 36534K [0x00000006c0000000, 0x00000006c6a80000, 0x000000076ab00000)
  object space 109056K, 33% used [0x00000006c0000000,0x00000006c23ad870,0x00000006c6a80000)
 Metaspace       used 62163K, capacity 64080K, committed 64152K, reserved 1103872K
  class space    used 8350K, capacity 8825K, committed 8872K, reserved 1048576K
Event: 147.956 GC heap after
Heap after GC invocations=19 (full 3):
 PSYoungGen      total 219648K, used 16691K [0x000000076ab00000, 0x0000000779980000, 0x00000007c0000000)
  eden space 202752K, 0% used [0x000000076ab00000,0x000000076ab00000,0x0000000777100000)
  from space 16896K, 98% used [0x0000000778400000,0x000000077944cd28,0x0000000779480000)
  to   space 19456K, 0% used [0x0000000777100000,0x0000000777100000,0x0000000778400000)
 ParOldGen       total 109056K, used 48449K [0x00000006c0000000, 0x00000006c6a80000, 0x000000076ab00000)
  object space 109056K, 44% used [0x00000006c0000000,0x00000006c2f50700,0x00000006c6a80000)
 Metaspace       used 62163K, capacity 64080K, committed 64152K, reserved 1103872K
  class space    used 8350K, capacity 8825K, committed 8872K, reserved 1048576K
}
Event: 161.803 GC heap before
{Heap before GC invocations=20 (full 3):
 PSYoungGen      total 219648K, used 219443K [0x000000076ab00000, 0x0000000779980000, 0x00000007c0000000)
  eden space 202752K, 100% used [0x000000076ab00000,0x0000000777100000,0x0000000777100000)
  from space 16896K, 98% used [0x0000000778400000,0x000000077944cd28,0x0000000779480000)
  to   space 19456K, 0% used [0x0000000777100000,0x0000000777100000,0x0000000778400000)
 ParOldGen       total 109056K, used 48449K [0x00000006c0000000, 0x00000006c6a80000, 0x000000076ab00000)
  object space 109056K, 44% used [0x00000006c0000000,0x00000006c2f50700,0x00000006c6a80000)
 Metaspace       used 63718K, capacity 65608K, committed 65944K, reserved 1105920K
  class space    used 8524K, capacity 9005K, committed 9128K, reserved 1048576K
Event: 162.705 GC heap after
Heap after GC invocations=20 (full 3):
 PSYoungGen      total 222208K, used 13026K [0x000000076ab00000, 0x000000077cc80000, 0x00000007c0000000)
  eden space 202752K, 0% used [0x000000076ab00000,0x000000076ab00000,0x0000000777100000)
  from space 19456K, 66% used [0x0000000777100000,0x0000000777db8938,0x0000000778400000)
  to   space 19968K, 0% used [0x000000077b900000,0x000000077b900000,0x000000077cc80000)
 ParOldGen       total 109056K, used 53874K [0x00000006c0000000, 0x00000006c6a80000, 0x000000076ab00000)
  object space 109056K, 49% used [0x00000006c0000000,0x00000006c349c840,0x00000006c6a80000)
 Metaspace       used 63718K, capacity 65608K, committed 65944K, reserved 1105920K
  class space    used 8524K, capacity 9005K, committed 9128K, reserved 1048576K
}

