# JRE version: OpenJDK Runtime Environment (8.0_152-b01) (build 1.8.0_152-release-1343-b01)
# Java VM: OpenJDK 64-Bit Server VM (25.152-b01 mixed mode windows-amd64 compressed oops)
Heap:
 PSYoungGen      total 576000K, used 362957K [0x000000076ab00000, 0x0000000793100000, 0x00000007c0000000)
  eden space 491520K, 66% used [0x000000076ab00000,0x000000077e892608,0x0000000788b00000)
  from space 84480K, 44% used [0x000000078de80000,0x0000000790361048,0x0000000793100000)
  to   space 84992K, 0% used [0x0000000788b00000,0x0000000788b00000,0x000000078de00000)
 ParOldGen       total 301568K, used 96665K [0x00000006c0000000, 0x00000006d2680000, 0x000000076ab00000)
  object space 301568K, 32% used [0x00000006c0000000,0x00000006c5e665b0,0x00000006d2680000)
 Metaspace       used 108745K, capacity 115722K, committed 115864K, reserved 1150976K
  class space    used 13283K, capacity 14495K, committed 14504K, reserved 1048576K
GC Heap History (10 events):
Event: 9838.733 GC heap before
{Heap before GC invocations=91 (full 5):
 PSYoungGen      total 569856K, used 471311K [0x000000076ab00000, 0x0000000794a80000, 0x00000007c0000000)
  eden space 451584K, 100% used [0x000000076ab00000,0x0000000786400000,0x0000000786400000)
  from space 118272K, 16% used [0x0000000786400000,0x0000000787743d88,0x000000078d780000)
  to   space 114176K, 0% used [0x000000078db00000,0x000000078db00000,0x0000000794a80000)
 ParOldGen       total 301568K, used 95521K [0x00000006c0000000, 0x00000006d2680000, 0x000000076ab00000)
  object space 301568K, 31% used [0x00000006c0000000,0x00000006c5d485b0,0x00000006d2680000)
 Metaspace       used 105157K, capacity 111962K, committed 112280K, reserved 1146880K
  class space    used 12954K, capacity 14167K, committed 14248K, reserved 1048576K
Event: 9838.787 GC heap after
Heap after GC invocations=91 (full 5):
 PSYoungGen      total 556032K, used 39552K [0x000000076ab00000, 0x0000000793b00000, 0x00000007c0000000)
  eden space 457728K, 0% used [0x000000076ab00000,0x000000076ab00000,0x0000000786a00000)
  from space 98304K, 40% used [0x000000078db00000,0x00000007901a0038,0x0000000793b00000)
  to   space 107008K, 0% used [0x0000000786a00000,0x0000000786a00000,0x000000078d280000)
 ParOldGen       total 301568K, used 95553K [0x00000006c0000000, 0x00000006d2680000, 0x000000076ab00000)
  object space 301568K, 31% used [0x00000006c0000000,0x00000006c5d505b0,0x00000006d2680000)
 Metaspace       used 105157K, capacity 111962K, committed 112280K, reserved 1146880K
  class space    used 12954K, capacity 14167K, committed 14248K, reserved 1048576K
}
Event: 9875.840 GC heap before
{Heap before GC invocations=92 (full 5):
 PSYoungGen      total 556032K, used 497280K [0x000000076ab00000, 0x0000000793b00000, 0x00000007c0000000)
  eden space 457728K, 100% used [0x000000076ab00000,0x0000000786a00000,0x0000000786a00000)
  from space 98304K, 40% used [0x000000078db00000,0x00000007901a0038,0x0000000793b00000)
  to   space 107008K, 0% used [0x0000000786a00000,0x0000000786a00000,0x000000078d280000)
 ParOldGen       total 301568K, used 95553K [0x00000006c0000000, 0x00000006d2680000, 0x000000076ab00000)
  object space 301568K, 31% used [0x00000006c0000000,0x00000006c5d505b0,0x00000006d2680000)
 Metaspace       used 107911K, capacity 114838K, committed 115096K, reserved 1150976K
  class space    used 13219K, capacity 14397K, committed 14504K, reserved 1048576K
Event: 9875.942 GC heap after
Heap after GC invocations=92 (full 5):
 PSYoungGen      total 564736K, used 34539K [0x000000076ab00000, 0x0000000793500000, 0x00000007c0000000)
  eden space 457728K, 0% used [0x000000076ab00000,0x000000076ab00000,0x0000000786a00000)
  from space 107008K, 32% used [0x0000000786a00000,0x0000000788bbad08,0x000000078d280000)
  to   space 100864K, 0% used [0x000000078d280000,0x000000078d280000,0x0000000793500000)
 ParOldGen       total 301568K, used 95617K [0x00000006c0000000, 0x00000006d2680000, 0x000000076ab00000)
  object space 301568K, 31% used [0x00000006c0000000,0x00000006c5d605b0,0x00000006d2680000)
 Metaspace       used 107911K, capacity 114838K, committed 115096K, reserved 1150976K
  class space    used 13219K, capacity 14397K, committed 14504K, reserved 1048576K
}
Event: 9885.046 GC heap before
{Heap before GC invocations=93 (full 5):
 PSYoungGen      total 564736K, used 492267K [0x000000076ab00000, 0x0000000793500000, 0x00000007c0000000)
  eden space 457728K, 100% used [0x000000076ab00000,0x0000000786a00000,0x0000000786a00000)
  from space 107008K, 32% used [0x0000000786a00000,0x0000000788bbad08,0x000000078d280000)
  to   space 100864K, 0% used [0x000000078d280000,0x000000078d280000,0x0000000793500000)
 ParOldGen       total 301568K, used 95617K [0x00000006c0000000, 0x00000006d2680000, 0x000000076ab00000)
  object space 301568K, 31% used [0x00000006c0000000,0x00000006c5d605b0,0x00000006d2680000)
 Metaspace       used 108314K, capacity 115302K, committed 115608K, reserved 1150976K
  class space    used 13256K, capacity 14451K, committed 14504K, reserved 1048576K
Event: 9885.157 GC heap after
Heap after GC invocations=93 (full 5):
 PSYoungGen      total 561664K, used 39528K [0x000000076ab00000, 0x0000000792e00000, 0x00000007c0000000)
  eden space 467968K, 0% used [0x000000076ab00000,0x000000076ab00000,0x0000000787400000)
  from space 93696K, 42% used [0x000000078d280000,0x000000078f91a198,0x0000000792e00000)
  to   space 95232K, 0% used [0x0000000787400000,0x0000000787400000,0x000000078d100000)
 ParOldGen       total 301568K, used 95633K [0x00000006c0000000, 0x00000006d2680000, 0x000000076ab00000)
  object space 301568K, 31% used [0x00000006c0000000,0x00000006c5d645b0,0x00000006d2680000)
 Metaspace       used 108314K, capacity 115302K, committed 115608K, reserved 1150976K
  class space    used 13256K, capacity 14451K, committed 14504K, reserved 1048576K
}
Event: 9887.536 GC heap before
{Heap before GC invocations=94 (full 5):
 PSYoungGen      total 561664K, used 507496K [0x000000076ab00000, 0x0000000792e00000, 0x00000007c0000000)
  eden space 467968K, 100% used [0x000000076ab00000,0x0000000787400000,0x0000000787400000)
  from space 93696K, 42% used [0x000000078d280000,0x000000078f91a198,0x0000000792e00000)
  to   space 95232K, 0% used [0x0000000787400000,0x0000000787400000,0x000000078d100000)
 ParOldGen       total 301568K, used 95633K [0x00000006c0000000, 0x00000006d2680000, 0x000000076ab00000)
  object space 301568K, 31% used [0x00000006c0000000,0x00000006c5d645b0,0x00000006d2680000)
 Metaspace       used 108600K, capacity 115638K, committed 115864K, reserved 1150976K
  class space    used 13280K, capacity 14491K, committed 14504K, reserved 1048576K
Event: 9887.598 GC heap after
Heap after GC invocations=94 (full 5):
 PSYoungGen      total 563200K, used 33813K [0x000000076ab00000, 0x0000000793680000, 0x00000007c0000000)
  eden space 467968K, 0% used [0x000000076ab00000,0x000000076ab00000,0x0000000787400000)
  from space 95232K, 35% used [0x0000000787400000,0x0000000789505740,0x000000078d100000)
  to   space 90112K, 0% used [0x000000078de80000,0x000000078de80000,0x0000000793680000)
 ParOldGen       total 301568K, used 96633K [0x00000006c0000000, 0x00000006d2680000, 0x000000076ab00000)
  object space 301568K, 32% used [0x00000006c0000000,0x00000006c5e5e5b0,0x00000006d2680000)
 Metaspace       used 108600K, capacity 115638K, committed 115864K, reserved 1150976K
  class space    used 13280K, capacity 14491K, committed 14504K, reserved 1048576K
}
Event: 9893.325 GC heap before
{Heap before GC invocations=95 (full 5):
 PSYoungGen      total 563200K, used 501781K [0x000000076ab00000, 0x0000000793680000, 0x00000007c0000000)
  eden space 467968K, 100% used [0x000000076ab00000,0x0000000787400000,0x0000000787400000)
  from space 95232K, 35% used [0x0000000787400000,0x0000000789505740,0x000000078d100000)
  to   space 90112K, 0% used [0x000000078de80000,0x000000078de80000,0x0000000793680000)
 ParOldGen       total 301568K, used 96633K [0x00000006c0000000, 0x00000006d2680000, 0x000000076ab00000)
  object space 301568K, 32% used [0x00000006c0000000,0x00000006c5e5e5b0,0x00000006d2680000)
 Metaspace       used 108679K, capacity 115722K, committed 115864K, reserved 1150976K
  class space    used 13282K, capacity 14495K, committed 14504K, reserved 1048576K
Event: 9893.458 GC heap after
Heap after GC invocations=95 (full 5):
 PSYoungGen      total 576000K, used 37764K [0x000000076ab00000, 0x0000000793100000, 0x00000007c0000000)
  eden space 491520K, 0% used [0x000000076ab00000,0x000000076ab00000,0x0000000788b00000)
  from space 84480K, 44% used [0x000000078de80000,0x0000000790361048,0x0000000793100000)
  to   space 84992K, 0% used [0x0000000788b00000,0x0000000788b00000,0x000000078de00000)
 ParOldGen       total 301568K, used 96665K [0x00000006c0000000, 0x00000006d2680000, 0x000000076ab00000)
  object space 301568K, 32% used [0x00000006c0000000,0x00000006c5e665b0,0x00000006d2680000)
 Metaspace       used 108679K, capacity 115722K, committed 115864K, reserved 1150976K
  class space    used 13282K, capacity 14495K, committed 14504K, reserved 1048576K
}

